<?xml version="1.0" encoding="UTF-8"?>
<!-- Generated by org.testng.reporters.JUnitReportReporter -->
<testsuite hostname="DESKTOP-OE45J9V" failures="0" tests="1" name="RequestChaining.RequestChainingTest" time="1.718" errors="0" timestamp="2022-02-11T13:10:40 IST" skipped="0">
  <testcase classname="RequestChaining.RequestChainingTest" name="chaining" time="1.718"/>
  <system-out/>
</testsuite> <!-- RequestChaining.RequestChainingTest -->
