<?xml version="1.0" encoding="UTF-8"?>
<!-- Generated by org.testng.reporters.JUnitReportReporter -->
<testsuite hostname="DESKTOP-OE45J9V" failures="0" tests="1" name="ParametersandAuthentication.PathparametersTest" time="1.128" errors="0" timestamp="2022-02-11T12:30:12 IST" skipped="0">
  <testcase classname="ParametersandAuthentication.PathparametersTest" name="pathParameters" time="1.128"/>
  <system-out/>
</testsuite> <!-- ParametersandAuthentication.PathparametersTest -->
