<?xml version="1.0" encoding="UTF-8"?>
<!-- Generated by org.testng.reporters.JUnitReportReporter -->
<testsuite hostname="DESKTOP-OE45J9V" failures="0" tests="1" name="practice.CRUDwithBDD.DeleteResource" time="1.146" errors="0" timestamp="2022-02-10T12:35:12 IST" skipped="0">
  <testcase classname="practice.CRUDwithBDD.DeleteResource" name="delete" time="1.146"/>
  <system-out/>
</testsuite> <!-- practice.CRUDwithBDD.DeleteResource -->
