<?xml version="1.0" encoding="UTF-8"?>
<!-- Generated by org.testng.reporters.JUnitReportReporter -->
<testsuite hostname="DESKTOP-OE45J9V" failures="0" tests="1" name="practice.CRUDwithBDD.CreateProject" time="2.034" errors="0" timestamp="2022-02-12T16:14:22 IST" skipped="0">
  <testcase classname="practice.CRUDwithBDD.CreateProject" name="createproject" time="2.034"/>
  <system-out/>
</testsuite> <!-- practice.CRUDwithBDD.CreateProject -->
