<?xml version="1.0" encoding="UTF-8"?>
<!-- Generated by org.testng.reporters.JUnitReportReporter -->
<testsuite hostname="DESKTOP-OE45J9V" failures="0" tests="1" name="practice.restassured.CreateProject" time="1.474" errors="0" timestamp="2022-02-10T22:08:42 IST" skipped="0">
  <testcase classname="practice.restassured.CreateProject" name="createproject" time="1.474"/>
  <system-out/>
</testsuite> <!-- practice.restassured.CreateProject -->
