<?xml version="1.0" encoding="UTF-8"?>
<!-- Generated by org.testng.reporters.JUnitReportReporter -->
<testsuite hostname="DESKTOP-OE45J9V" failures="0" tests="1" name="practice.CRUDwithoutBDD.DeleteProject" time="1.311" errors="0" timestamp="2022-02-09T23:33:01 IST" skipped="0">
  <testcase classname="practice.CRUDwithoutBDD.DeleteProject" name="deleteProject" time="1.311"/>
  <system-out/>
</testsuite> <!-- practice.CRUDwithoutBDD.DeleteProject -->
