<?xml version="1.0" encoding="UTF-8"?>
<!-- Generated by org.testng.reporters.JUnitReportReporter -->
<testsuite hostname="DESKTOP-OE45J9V" failures="0" tests="1" name="practice.restassured.UpdateProject" time="1.594" errors="0" timestamp="2022-02-10T22:09:29 IST" skipped="0">
  <testcase classname="practice.restassured.UpdateProject" name="updateproject" time="1.594"/>
  <system-out/>
</testsuite> <!-- practice.restassured.UpdateProject -->
