<?xml version="1.0" encoding="UTF-8"?>
<!-- Generated by org.testng.reporters.JUnitReportReporter -->
<testsuite hostname="DESKTOP-OE45J9V" failures="0" tests="1" name="practice.CRUDwithoutBDD.CreateProject" time="1.481" errors="0" timestamp="2022-02-09T23:03:00 IST" skipped="0">
  <testcase classname="practice.CRUDwithoutBDD.CreateProject" name="createproject" time="1.481"/>
  <system-out/>
</testsuite> <!-- practice.CRUDwithoutBDD.CreateProject -->
