<?xml version="1.0" encoding="UTF-8"?>
<!-- Generated by org.testng.reporters.JUnitReportReporter -->
<testsuite hostname="DESKTOP-OE45J9V" failures="0" tests="1" name="Authentication.Oauthauthentication" time="3.642" errors="0" timestamp="2022-02-11T16:58:19 IST" skipped="0">
  <testcase classname="Authentication.Oauthauthentication" name="oauth" time="3.642"/>
  <system-out/>
</testsuite> <!-- Authentication.Oauthauthentication -->
