<?xml version="1.0" encoding="UTF-8"?>
<!-- Generated by org.testng.reporters.JUnitReportReporter -->
<testsuite hostname="DESKTOP-OE45J9V" failures="0" tests="1" name="com.RMGYANTRATests.CreateResourceandverifyindatabase" time="1.451" errors="0" timestamp="2022-02-12T17:36:25 IST" skipped="0">
  <testcase classname="com.RMGYANTRATests.CreateResourceandverifyindatabase" name="createresourceverifyinDb" time="1.451"/>
  <system-out>
    <![CDATA[TY_PROJ_655 data in response body
TY_PROJ_655 data in database
Data verification successful]]>
  </system-out>
</testsuite> <!-- com.RMGYANTRATests.CreateResourceandverifyindatabase -->
