<?xml version="1.0" encoding="UTF-8"?>
<!-- Generated by org.testng.reporters.JUnitReportReporter -->
<testsuite hostname="DESKTOP-OE45J9V" failures="0" tests="2" name="Authentication.Authentications" time="1.408" errors="0" timestamp="2022-02-11T16:16:40 IST" skipped="0">
  <testcase classname="Authentication.Authentications" name="digestiveauth" time="0.153"/>
  <system-out/>
  <testcase classname="Authentication.Authentications" name="authentication" time="1.255"/>
  <system-out/>
</testsuite> <!-- Authentication.Authentications -->
