<?xml version="1.0" encoding="UTF-8"?>
<!-- Generated by org.testng.reporters.JUnitReportReporter -->
<testsuite hostname="DESKTOP-OE45J9V" failures="0" tests="1" name="Authentication.BasicAuthTest" time="1.567" errors="0" timestamp="2022-02-11T15:59:59 IST" skipped="0">
  <testcase classname="Authentication.BasicAuthTest" name="basicauth" time="1.567"/>
  <system-out/>
</testsuite> <!-- Authentication.BasicAuthTest -->
