<?xml version="1.0" encoding="UTF-8"?>
<!-- Generated by org.testng.reporters.JUnitReportReporter -->
<testsuite hostname="DESKTOP-OE45J9V" failures="0" tests="1" name="waysToPostRequest.CreateResourceByPojoLibrary" time="1.383" errors="0" timestamp="2022-02-10T15:53:37 IST" skipped="0">
  <testcase classname="waysToPostRequest.CreateResourceByPojoLibrary" name="createbyPojo" time="1.383"/>
  <system-out/>
</testsuite> <!-- waysToPostRequest.CreateResourceByPojoLibrary -->
