<?xml version="1.0" encoding="UTF-8"?>
<!-- Generated by org.testng.reporters.JUnitReportReporter -->
<testsuite hostname="DESKTOP-OE45J9V" failures="0" tests="1" name="practice.CRUDwithoutBDD.UpdateProject" time="1.459" errors="0" timestamp="2022-02-09T23:31:07 IST" skipped="0">
  <testcase classname="practice.CRUDwithoutBDD.UpdateProject" name="updateProject" time="1.459"/>
  <system-out/>
</testsuite> <!-- practice.CRUDwithoutBDD.UpdateProject -->
