<?xml version="1.0" encoding="UTF-8"?>
<!-- Generated by org.testng.reporters.JUnitReportReporter -->
<testsuite hostname="DESKTOP-OE45J9V" failures="0" tests="1" name="ParametersandAuthentication.ParametersTest" time="2.086" errors="0" timestamp="2022-02-11T12:48:57 IST" skipped="0">
  <testcase classname="ParametersandAuthentication.ParametersTest" name="param" time="2.086"/>
  <system-out/>
</testsuite> <!-- ParametersandAuthentication.ParametersTest -->
