<?xml version="1.0" encoding="UTF-8"?>
<!-- Generated by org.testng.reporters.JUnitReportReporter -->
<testsuite hostname="DESKTOP-OE45J9V" failures="0" tests="1" name="waysToPostRequest.CreateSource" time="1.303" errors="0" timestamp="2022-02-10T14:59:20 IST" skipped="0">
  <testcase classname="waysToPostRequest.CreateSource" name="create" time="1.303"/>
  <system-out/>
</testsuite> <!-- waysToPostRequest.CreateSource -->
