<?xml version="1.0" encoding="UTF-8"?>
<!-- Generated by org.testng.reporters.JUnitReportReporter -->
<testsuite hostname="DESKTOP-OE45J9V" failures="0" tests="1" name="responsevalidation.StaticValidation" time="1.603" errors="0" timestamp="2022-02-10T16:06:26 IST" skipped="0">
  <testcase classname="responsevalidation.StaticValidation" name="staticvalidation" time="1.603"/>
  <system-out/>
</testsuite> <!-- responsevalidation.StaticValidation -->
