<?xml version="1.0" encoding="UTF-8"?>
<!-- Generated by org.testng.reporters.JUnitReportReporter -->
<testsuite hostname="DESKTOP-OE45J9V" failures="0" tests="1" name="responsevalidation.DynamicValidation$DynamicResponseValidation" time="1.496" errors="0" timestamp="2022-02-10T16:43:09 IST" skipped="0">
  <testcase classname="responsevalidation.DynamicValidation$DynamicResponseValidation" name="verify" time="1.496"/>
  <system-out/>
</testsuite> <!-- responsevalidation.DynamicValidation$DynamicResponseValidation -->
