<?xml version="1.0" encoding="UTF-8"?>
<!-- Generated by org.testng.reporters.JUnitReportReporter -->
<testsuite hostname="DESKTOP-OE45J9V" failures="0" tests="1" name="ParametersandAuthentication.QuerryparamTest" time="1.917" errors="0" timestamp="2022-02-11T12:36:03 IST" skipped="0">
  <testcase classname="ParametersandAuthentication.QuerryparamTest" name="queeryparam" time="1.917"/>
  <system-out/>
</testsuite> <!-- ParametersandAuthentication.QuerryparamTest -->
