<?xml version="1.0" encoding="UTF-8"?>
<!-- Generated by org.testng.reporters.JUnitReportReporter -->
<testsuite hostname="DESKTOP-OE45J9V" failures="0" tests="2" name="responsevalidation.VerifyMultipleData" time="1.470" errors="0" timestamp="2022-02-10T16:37:09 IST" skipped="0">
  <testcase classname="responsevalidation.VerifyMultipleData" name="verifyMultipleData" time="0.038"/>
  <system-out/>
  <testcase classname="responsevalidation.VerifyMultipleData" name="verifyMultipleData" time="1.432"/>
  <system-out/>
</testsuite> <!-- responsevalidation.VerifyMultipleData -->
