<?xml version="1.0" encoding="UTF-8"?>
<!-- Generated by org.testng.reporters.JUnitReportReporter -->
<testsuite hostname="DESKTOP-OE45J9V" failures="0" tests="1" name="responsevalidation.VerifyResponseTime" time="1.263" errors="0" timestamp="2022-02-10T16:24:03 IST" skipped="0">
  <testcase classname="responsevalidation.VerifyResponseTime" name="responsetime" time="1.263"/>
  <system-out/>
</testsuite> <!-- responsevalidation.VerifyResponseTime -->
