<?xml version="1.0" encoding="UTF-8"?>
<!-- Generated by org.testng.reporters.JUnitReportReporter -->
<testsuite hostname="DESKTOP-OE45J9V" failures="0" tests="1" name="practice.CRUDwithoutBDD.GetAllProjects" time="1.109" errors="0" timestamp="2022-02-10T16:42:45 IST" skipped="0">
  <testcase classname="practice.CRUDwithoutBDD.GetAllProjects" name="getAllProjects" time="1.109"/>
  <system-out/>
</testsuite> <!-- practice.CRUDwithoutBDD.GetAllProjects -->
