<?xml version="1.0" encoding="UTF-8"?>
<!-- Generated by org.testng.reporters.JUnitReportReporter -->
<testsuite hostname="DESKTOP-OE45J9V" failures="0" tests="1" name="Authentication.BearerTokenTest" time="3.520" errors="0" timestamp="2022-02-11T16:09:43 IST" skipped="0">
  <testcase classname="Authentication.BearerTokenTest" name="bearertoken" time="3.520"/>
  <system-out/>
</testsuite> <!-- Authentication.BearerTokenTest -->
