<?xml version="1.0" encoding="UTF-8"?>
<!-- Generated by org.testng.reporters.JUnitReportReporter -->
<testsuite hostname="DESKTOP-OE45J9V" failures="0" tests="1" name="RequestChaining.RequestChainingPostandDELETETest" time="1.989" errors="0" timestamp="2022-02-11T17:04:50 IST" skipped="0">
  <testcase classname="RequestChaining.RequestChainingPostandDELETETest" name="postanddEL" time="1.989"/>
  <system-out/>
</testsuite> <!-- RequestChaining.RequestChainingPostandDELETETest -->
