<?xml version="1.0" encoding="UTF-8"?>
<!-- Generated by org.testng.reporters.JUnitReportReporter -->
<testsuite hostname="DESKTOP-OE45J9V" failures="0" tests="1" name="practice.CRUDwithBDD.GetAllProjects" time="1.136" errors="0" timestamp="2022-02-11T13:08:43 IST" skipped="0">
  <testcase classname="practice.CRUDwithBDD.GetAllProjects" name="getallProjects" time="1.136"/>
  <system-out/>
</testsuite> <!-- practice.CRUDwithBDD.GetAllProjects -->
