<?xml version="1.0" encoding="UTF-8"?>
<!-- Generated by org.testng.reporters.JUnitReportReporter -->
<testsuite hostname="DESKTOP-OE45J9V" failures="0" tests="1" name="practice.CRUDwithBDD.UpdateResourse" time="1.324" errors="0" timestamp="2022-02-10T12:31:28 IST" skipped="0">
  <testcase classname="practice.CRUDwithBDD.UpdateResourse" name="updateresourse" time="1.324"/>
  <system-out/>
</testsuite> <!-- practice.CRUDwithBDD.UpdateResourse -->
