<?xml version="1.0" encoding="UTF-8"?>
<!-- Generated by org.testng.reporters.JUnitReportReporter -->
<testsuite hostname="DESKTOP-OE45J9V" failures="0" tests="1" name="waysToPostRequest.CreateResourceByHashMap" time="1.465" errors="0" timestamp="2022-02-10T14:58:59 IST" skipped="0">
  <testcase classname="waysToPostRequest.CreateResourceByHashMap" name="createResourseHash" time="1.465"/>
  <system-out/>
</testsuite> <!-- waysToPostRequest.CreateResourceByHashMap -->
