<?xml version="1.0" encoding="UTF-8"?>
<!-- Generated by org.testng.reporters.JUnitReportReporter -->
<testsuite hostname="DESKTOP-OE45J9V" failures="0" tests="1" name="practice.CRUDwithoutBDD.GetSingleProject" time="1.216" errors="0" timestamp="2022-02-09T23:17:32 IST" skipped="0">
  <testcase classname="practice.CRUDwithoutBDD.GetSingleProject" name="getSingleProject" time="1.216"/>
  <system-out/>
</testsuite> <!-- practice.CRUDwithoutBDD.GetSingleProject -->
